2023-01-22 11:50:19,057 INFO c.s.c.Main [main] START
2023-01-22 11:50:19,088 INFO c.s.c.u.ConnectionPool [main] file loaded: 
2023-01-22 11:50:19,089 INFO c.s.c.u.ConnectionPool [main] url: jdbc:mysql://localhost:3306/mydb
2023-01-22 11:50:19,089 INFO c.s.c.u.ConnectionPool [main] userName: root
2023-01-22 11:50:19,090 INFO c.s.c.u.ConnectionPool [main] password: 1234
2023-01-22 11:50:19,993 INFO c.s.c.u.ConnectionPool [main] The connection was retrieved: com.mysql.cj.jdbc.ConnectionImpl@13cf7d52
2023-01-22 11:50:20,107 INFO c.s.c.u.ConnectionPool [main] The connection was retrieved: com.mysql.cj.jdbc.ConnectionImpl@24b6b8f6
2023-01-22 11:50:20,120 INFO c.s.c.u.ConnectionPool [main] The connection was retrieved: com.mysql.cj.jdbc.ConnectionImpl@4ee37ca3
2023-01-22 11:50:20,135 INFO c.s.c.u.ConnectionPool [main] Putting the connection back to Connection pool: com.mysql.cj.jdbc.ConnectionImpl@4ee37ca3
2023-01-22 11:50:20,136 INFO c.s.c.d.m.ServiceOrderDAO [main] java.sql.SQLDataException: Unsupported conversion from LONG to java.sql.Date
2023-01-22 11:50:20,137 INFO c.s.c.u.ConnectionPool [main] The connection was retrieved: com.mysql.cj.jdbc.ConnectionImpl@4ee37ca3
2023-01-22 11:50:20,185 INFO c.s.c.Main [main] user: User{id=0, firstName='Jane', lastName='Doe', idNumber='0987654321', phone='0987654321', email='janedoe@email.com', address='456 Park Ave', memberSince=2022-01-01, cars=[Car{id=3, year=2022-06-01, userId=1, carBrandId=3, brandModelId=3, licensePlate='MNO112', currentMileage='150000', color=BLACK, serviceOrders=null}], serviceOrders=null, shopOrders=[ShopOrder{id=1, userId=1, shopId=1, carPartsId=1, date=2022-07-01, orderStatus=PENDING}]}
2023-01-22 11:50:20,185 INFO c.s.c.Main [main] Parse xml using STAX
2023-01-22 11:50:20,267 INFO c.s.c.Main [main] Parse done
2023-01-22 11:50:20,269 INFO c.s.c.Main [main] END
2023-01-22 11:54:13,946 INFO c.s.c.Main [main] START
2023-01-22 11:54:13,962 INFO c.s.c.u.ConnectionPool [main] file loaded: 
2023-01-22 11:54:13,963 INFO c.s.c.u.ConnectionPool [main] url: jdbc:mysql://localhost:3306/mydb
2023-01-22 11:54:13,963 INFO c.s.c.u.ConnectionPool [main] userName: root
2023-01-22 11:54:13,964 INFO c.s.c.u.ConnectionPool [main] password: 1234
2023-01-22 11:54:14,702 INFO c.s.c.u.ConnectionPool [main] The connection was retrieved: com.mysql.cj.jdbc.ConnectionImpl@31aa3ca5
2023-01-22 11:54:14,743 INFO c.s.c.u.ConnectionPool [main] The connection was retrieved: com.mysql.cj.jdbc.ConnectionImpl@328cf0e1
2023-01-22 11:54:14,749 INFO c.s.c.u.ConnectionPool [main] The connection was retrieved: com.mysql.cj.jdbc.ConnectionImpl@75459c75
2023-01-22 11:54:14,758 INFO c.s.c.u.ConnectionPool [main] Putting the connection back to Connection pool: com.mysql.cj.jdbc.ConnectionImpl@75459c75
2023-01-22 11:54:14,759 INFO c.s.c.d.m.ServiceOrderDAO [main] java.sql.SQLDataException: Unsupported conversion from LONG to java.sql.Date
2023-01-22 11:54:14,760 INFO c.s.c.u.ConnectionPool [main] The connection was retrieved: com.mysql.cj.jdbc.ConnectionImpl@75459c75
2023-01-22 11:54:14,804 INFO c.s.c.Main [main] user: User{id=0, firstName='Jane', lastName='Doe', idNumber='0987654321', phone='0987654321', email='janedoe@email.com', address='456 Park Ave', memberSince=2022-01-01, cars=[Car{id=3, year=2022-06-01, userId=1, carBrandId=3, brandModelId=3, licensePlate='MNO112', currentMileage='150000', color=BLACK, serviceOrders=null}], serviceOrders=null, shopOrders=[ShopOrder{id=1, userId=1, shopId=1, carPartsId=1, date=2022-07-01, orderStatus=PENDING}]}
2023-01-22 11:54:14,804 INFO c.s.c.Main [main] Parse xml using STAX
2023-01-22 11:54:14,847 INFO c.s.c.Main [main] Parse done
2023-01-22 11:54:14,847 INFO c.s.c.Main [main] END
2023-01-22 12:01:46,647 INFO c.s.c.Main [main] START
2023-01-22 12:01:46,662 INFO c.s.c.u.ConnectionPool [main] file loaded: 
2023-01-22 12:01:46,663 INFO c.s.c.u.ConnectionPool [main] url: jdbc:mysql://localhost:3306/mydb
2023-01-22 12:01:46,664 INFO c.s.c.u.ConnectionPool [main] userName: root
2023-01-22 12:01:46,664 INFO c.s.c.u.ConnectionPool [main] password: 1234
2023-01-22 12:01:48,539 INFO c.s.c.u.ConnectionPool [main] The connection was retrieved: com.mysql.cj.jdbc.ConnectionImpl@31aa3ca5
2023-01-22 12:01:48,577 INFO c.s.c.u.ConnectionPool [main] The connection was retrieved: com.mysql.cj.jdbc.ConnectionImpl@328cf0e1
2023-01-22 12:01:48,582 INFO c.s.c.u.ConnectionPool [main] The connection was retrieved: com.mysql.cj.jdbc.ConnectionImpl@75459c75
2023-01-22 12:01:48,591 INFO c.s.c.u.ConnectionPool [main] Putting the connection back to Connection pool: com.mysql.cj.jdbc.ConnectionImpl@75459c75
2023-01-22 12:01:48,592 INFO c.s.c.d.m.ServiceOrderDAO [main] java.sql.SQLDataException: Unsupported conversion from LONG to java.sql.Date
2023-01-22 12:01:48,593 INFO c.s.c.u.ConnectionPool [main] The connection was retrieved: com.mysql.cj.jdbc.ConnectionImpl@75459c75
2023-01-22 12:01:48,634 INFO c.s.c.Main [main] user: User{id=0, firstName='Jane', lastName='Doe', idNumber='0987654321', phone='0987654321', email='janedoe@email.com', address='456 Park Ave', memberSince=2022-01-01, cars=[Car{id=3, year=2022-06-01, userId=1, carBrandId=3, brandModelId=3, licensePlate='MNO112', currentMileage='150000', color=BLACK, serviceOrders=null}], serviceOrders=null, shopOrders=[ShopOrder{id=1, userId=1, shopId=1, carPartsId=1, date=2022-07-01, orderStatus=PENDING}]}
2023-01-22 12:01:48,634 INFO c.s.c.Main [main] Parse xml using STAX
2023-01-22 12:01:48,697 INFO c.s.c.Main [main] Parse done
2023-01-22 12:01:48,698 INFO c.s.c.Main [main] END
2023-01-22 12:03:35,685 INFO c.s.c.Main [main] START
2023-01-22 12:03:35,698 INFO c.s.c.u.ConnectionPool [main] file loaded: 
2023-01-22 12:03:35,699 INFO c.s.c.u.ConnectionPool [main] url: jdbc:mysql://localhost:3306/mydb
2023-01-22 12:03:35,699 INFO c.s.c.u.ConnectionPool [main] userName: root
2023-01-22 12:03:35,700 INFO c.s.c.u.ConnectionPool [main] password: 1234
2023-01-22 12:03:36,505 INFO c.s.c.u.ConnectionPool [main] The connection was retrieved: com.mysql.cj.jdbc.ConnectionImpl@31aa3ca5
2023-01-22 12:03:36,546 INFO c.s.c.u.ConnectionPool [main] The connection was retrieved: com.mysql.cj.jdbc.ConnectionImpl@328cf0e1
2023-01-22 12:03:36,550 INFO c.s.c.u.ConnectionPool [main] The connection was retrieved: com.mysql.cj.jdbc.ConnectionImpl@75459c75
2023-01-22 12:03:36,562 INFO c.s.c.u.ConnectionPool [main] Putting the connection back to Connection pool: com.mysql.cj.jdbc.ConnectionImpl@75459c75
2023-01-22 12:03:36,563 INFO c.s.c.d.m.ServiceOrderDAO [main] java.sql.SQLDataException: Unsupported conversion from LONG to java.sql.Date
2023-01-22 12:03:36,564 INFO c.s.c.u.ConnectionPool [main] The connection was retrieved: com.mysql.cj.jdbc.ConnectionImpl@75459c75
2023-01-22 12:03:36,610 INFO c.s.c.Main [main] user: User{id=0, firstName='Jane', lastName='Doe', idNumber='0987654321', phone='0987654321', email='janedoe@email.com', address='456 Park Ave', memberSince=2022-01-01, cars=[Car{id=3, year=2022-06-01, userId=1, carBrandId=3, brandModelId=3, licensePlate='MNO112', currentMileage='150000', color=BLACK, serviceOrders=null}], serviceOrders=null, shopOrders=[ShopOrder{id=1, userId=1, shopId=1, carPartsId=1, date=2022-07-01, orderStatus=PENDING}]}
2023-01-22 12:03:36,611 INFO c.s.c.Main [main] Parse xml using STAX
2023-01-22 12:03:36,653 INFO c.s.c.Main [main] Parse done
2023-01-22 12:03:36,653 INFO c.s.c.Main [main] END
